<?xml version="1.0" encoding="UTF-8"?>
<!-- Generated by org.testng.reporters.JUnitXMLReporter -->
<testsuite ignored="6" hostname="RANJIT" failures="0" tests="4" name="Test" time="0.225" errors="0" timestamp="2022-01-18T17:52:32 IST">
  <testcase classname="com.crm.comcast.GenericUtility.BaseClass" name="@BeforeClass configBC" time="-1.642508552503E9">
    <failure type="org.testng.TestNGException" message="
Parameter &amp;apos;browser&amp;apos; is required by BeforeClass on method configBC but has not been marked @Optional or defined
in D:\Shashwati\Eclipse 2021\com.crm.comcast.sdet28\testng_Full_Regression_Testing.xml">
      <![CDATA[org.testng.TestNGException: 
Parameter 'browser' is required by BeforeClass on method configBC but has not been marked @Optional or defined
in D:\Shashwati\Eclipse 2021\com.crm.comcast.sdet28\testng_Full_Regression_Testing.xml
at java.base/java.util.ArrayList.forEach(ArrayList.java:1511)
... Removed 22 stack frames]]>
    </failure>
  </testcase> <!-- @BeforeClass configBC -->
  <testcase classname="com.crm.comcast.GenericUtility.BaseClass" name="@BeforeMethod configBM" time="-1.642508552546E9">
    <skipped/>
  </testcase> <!-- @BeforeMethod configBM -->
  <testcase classname="com.crm.comcast.GenericUtility.BaseClass" name="@AfterMethod configAM" time="-1.642508552557E9">
    <skipped/>
  </testcase> <!-- @AfterMethod configAM -->
  <testcase classname="com.crm.comcast.GenericUtility.BaseClass" name="@AfterClass configAC" time="-1.642508552567E9">
    <skipped/>
  </testcase> <!-- @AfterClass configAC -->
  <testcase classname="com.crm.comcast.GenericUtility.BaseClass" name="@BeforeClass configBC" time="-1.64250855258E9">
    <failure type="org.testng.TestNGException" message="
Parameter &amp;apos;browser&amp;apos; is required by BeforeClass on method configBC but has not been marked @Optional or defined
in D:\Shashwati\Eclipse 2021\com.crm.comcast.sdet28\testng_Full_Regression_Testing.xml">
      <![CDATA[org.testng.TestNGException: 
Parameter 'browser' is required by BeforeClass on method configBC but has not been marked @Optional or defined
in D:\Shashwati\Eclipse 2021\com.crm.comcast.sdet28\testng_Full_Regression_Testing.xml
at java.base/java.util.ArrayList.forEach(ArrayList.java:1511)
... Removed 22 stack frames]]>
    </failure>
  </testcase> <!-- @BeforeClass configBC -->
  <testcase classname="com.crm.comcast.GenericUtility.BaseClass" name="@BeforeMethod configBM" time="-1.642508552616E9">
    <skipped/>
  </testcase> <!-- @BeforeMethod configBM -->
  <testcase classname="com.crm.comcast.GenericUtility.BaseClass" name="@AfterMethod configAM" time="-1.642508552647E9">
    <skipped/>
  </testcase> <!-- @AfterMethod configAM -->
  <testcase classname="com.crm.comcast.GenericUtility.BaseClass" name="@AfterClass configAC" time="-1.642508552648E9">
    <skipped/>
  </testcase> <!-- @AfterClass configAC -->
  <testcase classname="com.crm.comcast.GenericUtility.BaseClass" name="@BeforeClass configBC" time="-1.642508552649E9">
    <failure type="org.testng.TestNGException" message="
Parameter &amp;apos;browser&amp;apos; is required by BeforeClass on method configBC but has not been marked @Optional or defined
in D:\Shashwati\Eclipse 2021\com.crm.comcast.sdet28\testng_Full_Regression_Testing.xml">
      <![CDATA[org.testng.TestNGException: 
Parameter 'browser' is required by BeforeClass on method configBC but has not been marked @Optional or defined
in D:\Shashwati\Eclipse 2021\com.crm.comcast.sdet28\testng_Full_Regression_Testing.xml
at java.base/java.util.ArrayList.forEach(ArrayList.java:1511)
... Removed 22 stack frames]]>
    </failure>
  </testcase> <!-- @BeforeClass configBC -->
  <testcase classname="com.crm.comcast.GenericUtility.BaseClass" name="@BeforeMethod configBM" time="-1.642508552654E9">
    <skipped/>
  </testcase> <!-- @BeforeMethod configBM -->
  <testcase classname="com.crm.comcast.GenericUtility.BaseClass" name="@AfterMethod configAM" time="-1.642508552674E9">
    <skipped/>
  </testcase> <!-- @AfterMethod configAM -->
  <testcase classname="com.crm.comcast.GenericUtility.BaseClass" name="@AfterClass configAC" time="-1.642508552679E9">
    <skipped/>
  </testcase> <!-- @AfterClass configAC -->
  <testcase classname="com.crm.comcast.GenericUtility.BaseClass" name="@BeforeClass configBC" time="-1.642508552682E9">
    <failure type="org.testng.TestNGException" message="
Parameter &amp;apos;browser&amp;apos; is required by BeforeClass on method configBC but has not been marked @Optional or defined
in D:\Shashwati\Eclipse 2021\com.crm.comcast.sdet28\testng_Full_Regression_Testing.xml">
      <![CDATA[org.testng.TestNGException: 
Parameter 'browser' is required by BeforeClass on method configBC but has not been marked @Optional or defined
in D:\Shashwati\Eclipse 2021\com.crm.comcast.sdet28\testng_Full_Regression_Testing.xml
at java.base/java.util.ArrayList.forEach(ArrayList.java:1511)
... Removed 22 stack frames]]>
    </failure>
  </testcase> <!-- @BeforeClass configBC -->
  <testcase classname="com.crm.comcast.GenericUtility.BaseClass" name="@BeforeMethod configBM" time="-1.642508552685E9">
    <skipped/>
  </testcase> <!-- @BeforeMethod configBM -->
  <testcase classname="com.crm.comcast.GenericUtility.BaseClass" name="@AfterMethod configAM" time="-1.642508552691E9">
    <skipped/>
  </testcase> <!-- @AfterMethod configAM -->
  <testcase classname="com.crm.comcast.GenericUtility.BaseClass" name="@AfterClass configAC" time="-1.642508552693E9">
    <skipped/>
  </testcase> <!-- @AfterClass configAC -->
  <testcase classname="PurchaseOrderTestScript.CancelledOrderDropdownStatusTest" name="cancelledOrder" time="0.0">
    <skipped/>
  </testcase> <!-- cancelledOrder -->
  <testcase classname="PurchaseOrderTestScript.CreatedOrderDropdownStatusTest" name="createdOrder" time="0.0">
    <skipped/>
  </testcase> <!-- createdOrder -->
  <testcase classname="PurchaseOrderTestScript.ReceivedShipmentOrderDropdownStatusTest" name="receivedShipmentOrder" time="0.0">
    <skipped/>
  </testcase> <!-- receivedShipmentOrder -->
  <testcase classname="PurchaseOrderTestScript.DeliveredOrderDropdownStatusTest" name="deliveredOrder" time="0.0">
    <skipped/>
  </testcase> <!-- deliveredOrder -->
  <testcase classname="com.crm.comcast.GenericUtility.BaseClass" name="@BeforeSuite configBS" time="0.0">
    <ignored/>
  </testcase> <!-- @BeforeSuite configBS -->
  <testcase classname="com.crm.comcast.GenericUtility.BaseClass" name="@BeforeSuite configBS" time="0.0">
    <ignored/>
  </testcase> <!-- @BeforeSuite configBS -->
  <testcase classname="com.crm.comcast.GenericUtility.BaseClass" name="@BeforeSuite configBS" time="0.0">
    <ignored/>
  </testcase> <!-- @BeforeSuite configBS -->
  <testcase classname="com.crm.comcast.GenericUtility.BaseClass" name="@AfterSuite configAS" time="0.0">
    <ignored/>
  </testcase> <!-- @AfterSuite configAS -->
  <testcase classname="com.crm.comcast.GenericUtility.BaseClass" name="@AfterSuite configAS" time="0.0">
    <ignored/>
  </testcase> <!-- @AfterSuite configAS -->
  <testcase classname="com.crm.comcast.GenericUtility.BaseClass" name="@AfterSuite configAS" time="0.0">
    <ignored/>
  </testcase> <!-- @AfterSuite configAS -->
</testsuite> <!-- Test -->
